<?xml version="1.0" encoding="UTF-8"?>
<testng-results skipped="0" failed="0" ignored="0" total="4" passed="4">
  <reporter-output>
  </reporter-output>
  <suite name="EndToEndTest" duration-ms="40906" started-at="2019-01-23T19:47:48Z" finished-at="2019-01-23T19:48:29Z">
    <groups>
    </groups>
    <test name="DotDashtest" duration-ms="40906" started-at="2019-01-23T19:47:48Z" finished-at="2019-01-23T19:48:29Z">
      <class name="TestCasesDotdash.testCases">
        <test-method status="PASS" signature="binitialisation()[pri:0, instance:TestCasesDotdash.testCases@39aeed2f]" name="binitialisation" is-config="true" duration-ms="7182" started-at="2019-01-23T14:47:48Z" finished-at="2019-01-23T14:47:56Z">
          <reporter-output>
          </reporter-output>
        </test-method> <!-- binitialisation -->
        <test-method status="PASS" signature="AddTodoTestcase01(java.lang.String, java.lang.String, java.lang.String, java.lang.String, java.lang.String, java.lang.String, java.lang.String)[pri:0, instance:TestCasesDotdash.testCases@39aeed2f]" name="AddTodoTestcase01" duration-ms="2028" started-at="2019-01-23T14:47:56Z" data-provider="Tododetails" finished-at="2019-01-23T14:47:58Z">
          <params>
            <param index="0">
              <value>
                <![CDATA[DotdashTesttodo1]]>
              </value>
            </param>
            <param index="1">
              <value>
                <![CDATA[2]]>
              </value>
            </param>
            <param index="2">
              <value>
                <![CDATA[10]]>
              </value>
            </param>
            <param index="3">
              <value>
                <![CDATA[3]]>
              </value>
            </param>
            <param index="4">
              <value>
                <![CDATA[2020]]>
              </value>
            </param>
            <param index="5">
              <value>
                <![CDATA[DotdashTesttodo1]]>
              </value>
            </param>
            <param index="6">
              <value>
                <![CDATA[DotdashTesttodo1]]>
              </value>
            </param>
          </params>
          <reporter-output>
          </reporter-output>
        </test-method> <!-- AddTodoTestcase01 -->
        <test-method status="PASS" signature="ClosetheApplication()[pri:0, instance:TestCasesDotdash.testCases@39aeed2f]" name="ClosetheApplication" is-config="true" duration-ms="2580" started-at="2019-01-23T14:47:58Z" finished-at="2019-01-23T14:48:00Z">
          <reporter-output>
          </reporter-output>
        </test-method> <!-- ClosetheApplication -->
        <test-method status="PASS" signature="binitialisation()[pri:0, instance:TestCasesDotdash.testCases@39aeed2f]" name="binitialisation" is-config="true" duration-ms="5408" started-at="2019-01-23T14:48:00Z" finished-at="2019-01-23T14:48:06Z">
          <reporter-output>
          </reporter-output>
        </test-method> <!-- binitialisation -->
        <test-method status="PASS" signature="AddTodoTestcase01(java.lang.String, java.lang.String, java.lang.String, java.lang.String, java.lang.String, java.lang.String, java.lang.String)[pri:0, instance:TestCasesDotdash.testCases@39aeed2f]" name="AddTodoTestcase01" duration-ms="2059" started-at="2019-01-23T14:48:06Z" data-provider="Tododetails" finished-at="2019-01-23T14:48:08Z">
          <params>
            <param index="0">
              <value>
                <![CDATA[DotdashTesttodo2]]>
              </value>
            </param>
            <param index="1">
              <value>
                <![CDATA[3]]>
              </value>
            </param>
            <param index="2">
              <value>
                <![CDATA[11]]>
              </value>
            </param>
            <param index="3">
              <value>
                <![CDATA[4]]>
              </value>
            </param>
            <param index="4">
              <value>
                <![CDATA[2020]]>
              </value>
            </param>
            <param index="5">
              <value>
                <![CDATA[DotdashTesttodo2]]>
              </value>
            </param>
            <param index="6">
              <value>
                <![CDATA[DotdashTesttodo2]]>
              </value>
            </param>
          </params>
          <reporter-output>
          </reporter-output>
        </test-method> <!-- AddTodoTestcase01 -->
        <test-method status="PASS" signature="ClosetheApplication()[pri:0, instance:TestCasesDotdash.testCases@39aeed2f]" name="ClosetheApplication" is-config="true" duration-ms="2375" started-at="2019-01-23T14:48:08Z" finished-at="2019-01-23T14:48:10Z">
          <reporter-output>
          </reporter-output>
        </test-method> <!-- ClosetheApplication -->
        <test-method status="PASS" signature="binitialisation()[pri:0, instance:TestCasesDotdash.testCases@39aeed2f]" name="binitialisation" is-config="true" duration-ms="6520" started-at="2019-01-23T14:48:10Z" finished-at="2019-01-23T14:48:17Z">
          <reporter-output>
          </reporter-output>
        </test-method> <!-- binitialisation -->
        <test-method status="PASS" signature="DuplicateAddTodo(java.lang.String)[pri:1, instance:TestCasesDotdash.testCases@39aeed2f]" name="DuplicateAddTodo" duration-ms="167" started-at="2019-01-23T14:48:17Z" finished-at="2019-01-23T14:48:17Z">
          <params>
            <param index="0">
              <value>
                <![CDATA[DotdashTesttodo1]]>
              </value>
            </param>
          </params>
          <reporter-output>
          </reporter-output>
        </test-method> <!-- DuplicateAddTodo -->
        <test-method status="PASS" signature="ClosetheApplication()[pri:0, instance:TestCasesDotdash.testCases@39aeed2f]" name="ClosetheApplication" is-config="true" duration-ms="3607" started-at="2019-01-23T14:48:17Z" finished-at="2019-01-23T14:48:20Z">
          <reporter-output>
          </reporter-output>
        </test-method> <!-- ClosetheApplication -->
        <test-method status="PASS" signature="binitialisation()[pri:0, instance:TestCasesDotdash.testCases@39aeed2f]" name="binitialisation" is-config="true" duration-ms="5317" started-at="2019-01-23T14:48:20Z" finished-at="2019-01-23T14:48:26Z">
          <reporter-output>
          </reporter-output>
        </test-method> <!-- binitialisation -->
        <test-method status="PASS" signature="DeleteTodo()[pri:2, instance:TestCasesDotdash.testCases@39aeed2f]" name="DeleteTodo" duration-ms="1000" started-at="2019-01-23T14:48:26Z" finished-at="2019-01-23T14:48:27Z">
          <reporter-output>
          </reporter-output>
        </test-method> <!-- DeleteTodo -->
        <test-method status="PASS" signature="ClosetheApplication()[pri:0, instance:TestCasesDotdash.testCases@39aeed2f]" name="ClosetheApplication" is-config="true" duration-ms="2613" started-at="2019-01-23T14:48:27Z" finished-at="2019-01-23T14:48:29Z">
          <reporter-output>
          </reporter-output>
        </test-method> <!-- ClosetheApplication -->
      </class> <!-- TestCasesDotdash.testCases -->
    </test> <!-- DotDashtest -->
  </suite> <!-- EndToEndTest -->
</testng-results>
