<?xml version="1.0" encoding="UTF-8"?>
<!-- Generated by org.testng.reporters.JUnitXMLReporter -->
<testsuite hostname="SwapnaTirumala" ignored="0" name="DotDashtest" tests="4" failures="0" timestamp="23 Jan 2019 19:48:29 GMT" time="40.906" errors="0">
  <testcase name="AddTodoTestcase01" time="2.028" classname="TestCasesDotdash.testCases"/>
  <testcase name="AddTodoTestcase01" time="2.059" classname="TestCasesDotdash.testCases"/>
  <testcase name="DuplicateAddTodo" time="0.167" classname="TestCasesDotdash.testCases"/>
  <testcase name="DeleteTodo" time="1.0" classname="TestCasesDotdash.testCases"/>
</testsuite> <!-- DotDashtest -->
